<?xml version="1.0" encoding="UTF-8"?>
<testsuites name="TS_TP4" time="287.585" tests="8" failures="0" errors="0">
   <testsuite name="TS_TP4" tests="8" failures="0" errors="0" time="287.585" skipped="0" timestamp="2023-11-13 19:45:18" hostname="Usuario - DESKTOP-213C01S" id="Test Suites/TS_TP4">
      <properties>
         <property name="deviceName" value=""/>
         <property name="devicePlatform" value=""/>
         <property name="logFolder" value="C:\\Users\\Usuario\\Katalon Studio\\My First Web UI Project\\Reports\\20231113_194500\\TS_TP4\\20231113_194500"/>
         <property name="logFiles" value="C:\\Users\\Usuario\\Katalon Studio\\My First Web UI Project\\Reports\\20231113_194500\\TS_TP4\\20231113_194500\\execution0.log"/>
         <property name="attachments" value="C:\Users\Usuario\Documents\Facultad\screen1.png, C:\Users\Usuario\Documents\Facultad\screen2A.png, C:\Users\Usuario\Documents\Facultad\screen2B.png, C:\\Users\\Usuario\\Documents\\Facultad\\screen3A.png, C:\\Users\\Usuario\\Documents\\Facultad\\screen3B.png, C:\\Users\\Usuario\\Documents\\Facultad\\screen3C.png, C:\\Users\\Usuario\\Documents\\Facultad\\screen3D.png, C:\\Users\\Usuario\\Documents\\Facultad\\screen3E.png"/>
         <property name="hostName" value="Usuario - DESKTOP-213C01S"/>
         <property name="os" value="Windows 10 64bit"/>
         <property name="katalonVersion" value="8.6.8.208"/>
         <property name="browser" value="Chrome 119.0.0.0"/>
         <property name="hostAddress" value="192.168.1.7"/>
         <property name="sessionId" value="7905fa6ac4c4949bb562833eef707716"/>
         <property name="seleniumVersion" value="3.141.59"/>
         <property name="proxyInformation" value="ProxyInformation { proxyOption=NO_PROXY, proxyServerType=HTTP, username=, password=********, proxyServerAddress=, proxyServerPort=0, executionList=&quot;&quot;, isApplyToDesiredCapabilities=true }"/>
         <property name="platform" value="Windows 10"/>
      </properties>
      <testcase name="Test Cases/TYCS/SauceDemo/TC-SD-1-LoginValido" time="35.913" classname="Test Cases/TYCS/SauceDemo/TC-SD-1-LoginValido" status="PASSED">
         <system-out><![CDATA[2023-11-13 19:45:20 - [TEST_CASE][PASSED] - Test Cases/TYCS/SauceDemo/TC-SD-1-LoginValido: Test Cases/TYCS/SauceDemo/TC-SD-1-LoginValido

2023-11-13 19:45:23 - [TEST_STEP][PASSED] - openBrowser(""): Browser is opened with url: ''

2023-11-13 19:45:25 - [MESSAGE][INFO] - Starting 'Chrome' driver

2023-11-13 19:45:25 - [MESSAGE][INFO] - Action delay is set to 0 milliseconds

2023-11-13 19:45:41 - [MESSAGE][PASSED] - Browser is opened with url: ''

2023-11-13 19:45:41 - [TEST_STEP][PASSED] - navigateToUrl(url): Navigate to 'https://www.saucedemo.com/' successfully

2023-11-13 19:45:43 - [MESSAGE][PASSED] - Navigate to 'https://www.saucedemo.com/' successfully

2023-11-13 19:45:43 - [TEST_STEP][PASSED] - setText(findTestObject("Object Repository/Page_Swag Labs/input_Swag Labs_user-name"), USUARIO): Text 'standard_user' is set on object 'Object Repository/Page_Swag Labs/input_Swag Labs_user-name'

2023-11-13 19:45:46 - [MESSAGE][PASSED] - Text 'standard_user' is set on object 'Object Repository/Page_Swag Labs/input_Swag Labs_user-name'

2023-11-13 19:45:46 - [TEST_STEP][PASSED] - setText(findTestObject("Object Repository/Page_Swag Labs/input_Swag Labs_password"), PASSWORD): Text 'secret_sauce' is set on object 'Object Repository/Page_Swag Labs/input_Swag Labs_password'

2023-11-13 19:45:47 - [MESSAGE][PASSED] - Text 'secret_sauce' is set on object 'Object Repository/Page_Swag Labs/input_Swag Labs_password'

2023-11-13 19:45:47 - [TEST_STEP][PASSED] - click(findTestObject("Object Repository/Page_Swag Labs/input_Swag Labs_login-button")): Object: 'Object Repository/Page_Swag Labs/input_Swag Labs_login-button' is clicked on

2023-11-13 19:45:49 - [MESSAGE][PASSED] - Object: 'Object Repository/Page_Swag Labs/input_Swag Labs_login-button' is clicked on

2023-11-13 19:45:49 - [TEST_STEP][PASSED] - verifyTextPresent("Products", false, STOP_ON_FAILURE): Text 'Products' is present on page 

2023-11-13 19:45:50 - [MESSAGE][PASSED] - Text 'Products' is present on page 

2023-11-13 19:45:51 - [TEST_STEP][PASSED] - takeScreenshot("C:\Users\Usuario\Documents\Facultad\screen1.png"): Taking screenshot successfully

2023-11-13 19:45:51 - [MESSAGE][PASSED] - Taking screenshot successfully
[[ATTACHMENT|C:\Users\Usuario\Documents\Facultad\screen1.png]]

2023-11-13 19:45:51 - [TEST_STEP][PASSED] - delay(2): Delayed 2 second(s)

2023-11-13 19:45:53 - [MESSAGE][PASSED] - Delayed 2 second(s)

2023-11-13 19:45:53 - [TEST_STEP][PASSED] - closeBrowser(): Browser is closed

2023-11-13 19:45:56 - [MESSAGE][PASSED] - Browser is closed]]></system-out>
         <system-err><![CDATA[]]></system-err>
      </testcase>
      <testcase name="Test Cases/TYCS/SauceDemo/TC-SD-2-A-LoginInvalidoPresionandoEnElBotónLoginConSoloCampoPasswordCompletado" time="19.275" classname="Test Cases/TYCS/SauceDemo/TC-SD-2-A-LoginInvalidoPresionandoEnElBotónLoginConSoloCampoPasswordCompletado" status="PASSED">
         <system-out><![CDATA[2023-11-13 19:45:56 - [TEST_CASE][PASSED] - Test Cases/TYCS/SauceDemo/TC-SD-2-A-LoginInvalidoPresionandoEnElBotónLoginConSoloCampoPasswordCompletado: Test Cases/TYCS/SauceDemo/TC-SD-2-A-LoginInvalidoPresionandoEnElBotónLoginConSoloCampoPasswordCompletado

2023-11-13 19:45:58 - [TEST_STEP][PASSED] - openBrowser(""): Browser is opened with url: ''

2023-11-13 19:45:58 - [MESSAGE][INFO] - Starting 'Chrome' driver

2023-11-13 19:45:58 - [MESSAGE][INFO] - Action delay is set to 0 milliseconds

2023-11-13 19:46:05 - [MESSAGE][PASSED] - Browser is opened with url: ''

2023-11-13 19:46:05 - [TEST_STEP][PASSED] - navigateToUrl(url): Navigate to 'https://www.saucedemo.com/' successfully

2023-11-13 19:46:07 - [MESSAGE][PASSED] - Navigate to 'https://www.saucedemo.com/' successfully

2023-11-13 19:46:07 - [TEST_STEP][PASSED] - setText(findTestObject("Page_Swag Labs/input_Swag Labs_password"), PASSWORD): Text 'prueba' is set on object 'Object Repository/Page_Swag Labs/input_Swag Labs_password'

2023-11-13 19:46:09 - [MESSAGE][PASSED] - Text 'prueba' is set on object 'Object Repository/Page_Swag Labs/input_Swag Labs_password'

2023-11-13 19:46:09 - [TEST_STEP][PASSED] - click(findTestObject("Object Repository/Page_Swag Labs/input_Swag Labs_login-button"), STOP_ON_FAILURE): Object: 'Object Repository/Page_Swag Labs/input_Swag Labs_login-button' is clicked on

2023-11-13 19:46:10 - [MESSAGE][PASSED] - Object: 'Object Repository/Page_Swag Labs/input_Swag Labs_login-button' is clicked on

2023-11-13 19:46:11 - [TEST_STEP][PASSED] - verifyTextPresent("Epic sadface: Username is required", false): Text 'Epic sadface: Username is required' is present on page 

2023-11-13 19:46:11 - [MESSAGE][PASSED] - Text 'Epic sadface: Username is required' is present on page 

2023-11-13 19:46:11 - [TEST_STEP][PASSED] - takeScreenshot("C:\Users\Usuario\Documents\Facultad\screen2A.png"): Taking screenshot successfully

2023-11-13 19:46:12 - [MESSAGE][PASSED] - Taking screenshot successfully
[[ATTACHMENT|C:\Users\Usuario\Documents\Facultad\screen2A.png]]

2023-11-13 19:46:12 - [TEST_STEP][PASSED] - delay(2): Delayed 2 second(s)

2023-11-13 19:46:14 - [MESSAGE][PASSED] - Delayed 2 second(s)

2023-11-13 19:46:14 - [TEST_STEP][PASSED] - closeBrowser(): Browser is closed

2023-11-13 19:46:15 - [MESSAGE][PASSED] - Browser is closed]]></system-out>
         <system-err><![CDATA[]]></system-err>
      </testcase>
      <testcase name="Test Cases/TYCS/SauceDemo/TC-SD-2-B-LoginInvalidoPresionandoEnElBotónLoginConSoloCampoUsuarioCompletado" time="16.726" classname="Test Cases/TYCS/SauceDemo/TC-SD-2-B-LoginInvalidoPresionandoEnElBotónLoginConSoloCampoUsuarioCompletado" status="PASSED">
         <system-out><![CDATA[2023-11-13 19:46:15 - [TEST_CASE][PASSED] - Test Cases/TYCS/SauceDemo/TC-SD-2-B-LoginInvalidoPresionandoEnElBotónLoginConSoloCampoUsuarioCompletado: Test Cases/TYCS/SauceDemo/TC-SD-2-B-LoginInvalidoPresionandoEnElBotónLoginConSoloCampoUsuarioCompletado

2023-11-13 19:46:17 - [TEST_STEP][PASSED] - openBrowser(""): Browser is opened with url: ''

2023-11-13 19:46:17 - [MESSAGE][INFO] - Starting 'Chrome' driver

2023-11-13 19:46:17 - [MESSAGE][INFO] - Action delay is set to 0 milliseconds

2023-11-13 19:46:22 - [MESSAGE][PASSED] - Browser is opened with url: ''

2023-11-13 19:46:22 - [TEST_STEP][PASSED] - navigateToUrl(url): Navigate to 'https://www.saucedemo.com/' successfully

2023-11-13 19:46:24 - [MESSAGE][PASSED] - Navigate to 'https://www.saucedemo.com/' successfully

2023-11-13 19:46:24 - [TEST_STEP][PASSED] - setText(findTestObject("Object Repository/Page_Swag Labs/input_Swag Labs_user-name"), USUARIO): Text 'standard_user' is set on object 'Object Repository/Page_Swag Labs/input_Swag Labs_user-name'

2023-11-13 19:46:26 - [MESSAGE][PASSED] - Text 'standard_user' is set on object 'Object Repository/Page_Swag Labs/input_Swag Labs_user-name'

2023-11-13 19:46:26 - [TEST_STEP][PASSED] - click(findTestObject("Object Repository/Page_Swag Labs/input_Swag Labs_login-button"), STOP_ON_FAILURE): Object: 'Object Repository/Page_Swag Labs/input_Swag Labs_login-button' is clicked on

2023-11-13 19:46:27 - [MESSAGE][PASSED] - Object: 'Object Repository/Page_Swag Labs/input_Swag Labs_login-button' is clicked on

2023-11-13 19:46:27 - [TEST_STEP][PASSED] - verifyTextPresent("Epic sadface: Password is required", false): Text 'Epic sadface: Password is required' is present on page 

2023-11-13 19:46:28 - [MESSAGE][PASSED] - Text 'Epic sadface: Password is required' is present on page 

2023-11-13 19:46:28 - [TEST_STEP][PASSED] - takeScreenshot("C:\Users\Usuario\Documents\Facultad\screen2B.png"): Taking screenshot successfully

2023-11-13 19:46:28 - [MESSAGE][PASSED] - Taking screenshot successfully
[[ATTACHMENT|C:\Users\Usuario\Documents\Facultad\screen2B.png]]

2023-11-13 19:46:28 - [TEST_STEP][PASSED] - delay(2): Delayed 2 second(s)

2023-11-13 19:46:30 - [MESSAGE][PASSED] - Delayed 2 second(s)

2023-11-13 19:46:30 - [TEST_STEP][PASSED] - closeBrowser(): Browser is closed

2023-11-13 19:46:32 - [MESSAGE][PASSED] - Browser is closed]]></system-out>
         <system-err><![CDATA[]]></system-err>
      </testcase>
      <testcase name="Test Cases/TYCS/SauceDemo/TC-SD-3-LoginInvalido" time="21.93" classname="Test Cases/TYCS/SauceDemo/TC-SD-3-LoginInvalido" status="PASSED">
         <system-out><![CDATA[2023-11-13 19:46:32 - [TEST_CASE][PASSED] - Test Cases/TYCS/SauceDemo/TC-SD-3-LoginInvalido: Test Cases/TYCS/SauceDemo/TC-SD-3-LoginInvalido

2023-11-13 19:46:37 - [TEST_STEP][PASSED] - openBrowser(""): Browser is opened with url: ''

2023-11-13 19:46:37 - [MESSAGE][INFO] - Starting 'Chrome' driver

2023-11-13 19:46:37 - [MESSAGE][INFO] - Action delay is set to 0 milliseconds

2023-11-13 19:46:42 - [MESSAGE][PASSED] - Browser is opened with url: ''

2023-11-13 19:46:42 - [TEST_STEP][PASSED] - navigateToUrl(url): Navigate to 'https://www.saucedemo.com/' successfully

2023-11-13 19:46:45 - [MESSAGE][PASSED] - Navigate to 'https://www.saucedemo.com/' successfully

2023-11-13 19:46:45 - [TEST_STEP][PASSED] - setText(findTestObject("Object Repository/Page_Swag Labs/input_Swag Labs_user-name"), USUARIO): Text '' is set on object 'Object Repository/Page_Swag Labs/input_Swag Labs_user-name'

2023-11-13 19:46:47 - [MESSAGE][PASSED] - Text '' is set on object 'Object Repository/Page_Swag Labs/input_Swag Labs_user-name'

2023-11-13 19:46:47 - [TEST_STEP][PASSED] - setText(findTestObject("Object Repository/Page_Swag Labs/input_Swag Labs_password"), PASSWORD): Text '' is set on object 'Object Repository/Page_Swag Labs/input_Swag Labs_password'

2023-11-13 19:46:48 - [MESSAGE][PASSED] - Text '' is set on object 'Object Repository/Page_Swag Labs/input_Swag Labs_password'

2023-11-13 19:46:48 - [TEST_STEP][PASSED] - click(findTestObject("Object Repository/Page_Swag Labs/input_Swag Labs_login-button")): Object: 'Object Repository/Page_Swag Labs/input_Swag Labs_login-button' is clicked on

2023-11-13 19:46:49 - [MESSAGE][PASSED] - Object: 'Object Repository/Page_Swag Labs/input_Swag Labs_login-button' is clicked on

2023-11-13 19:46:49 - [TEST_STEP][PASSED] - verifyTextPresent(MENSAJE, false, CONTINUE_ON_FAILURE): Text 'Epic sadface: Username is required' is present on page 

2023-11-13 19:46:50 - [MESSAGE][PASSED] - Text 'Epic sadface: Username is required' is present on page 

2023-11-13 19:46:50 - [TEST_STEP][PASSED] - takeScreenshot(SCREENSHOT): Taking screenshot successfully

2023-11-13 19:46:50 - [MESSAGE][PASSED] - Taking screenshot successfully
[[ATTACHMENT|C:\\Users\\Usuario\\Documents\\Facultad\\screen3A.png]]

2023-11-13 19:46:50 - [TEST_STEP][PASSED] - delay(2): Delayed 2 second(s)

2023-11-13 19:46:52 - [MESSAGE][PASSED] - Delayed 2 second(s)

2023-11-13 19:46:52 - [TEST_STEP][PASSED] - closeBrowser(): Browser is closed

2023-11-13 19:46:54 - [MESSAGE][PASSED] - Browser is closed]]></system-out>
         <system-err><![CDATA[]]></system-err>
      </testcase>
      <testcase name="Test Cases/TYCS/SauceDemo/TC-SD-3-LoginInvalido" time="18.98" classname="Test Cases/TYCS/SauceDemo/TC-SD-3-LoginInvalido" status="PASSED">
         <system-out><![CDATA[2023-11-13 19:46:54 - [TEST_CASE][PASSED] - Test Cases/TYCS/SauceDemo/TC-SD-3-LoginInvalido: Test Cases/TYCS/SauceDemo/TC-SD-3-LoginInvalido

2023-11-13 19:46:55 - [TEST_STEP][PASSED] - openBrowser(""): Browser is opened with url: ''

2023-11-13 19:46:55 - [MESSAGE][INFO] - Starting 'Chrome' driver

2023-11-13 19:46:55 - [MESSAGE][INFO] - Action delay is set to 0 milliseconds

2023-11-13 19:47:01 - [MESSAGE][PASSED] - Browser is opened with url: ''

2023-11-13 19:47:01 - [TEST_STEP][PASSED] - navigateToUrl(url): Navigate to 'https://www.saucedemo.com/' successfully

2023-11-13 19:47:03 - [MESSAGE][PASSED] - Navigate to 'https://www.saucedemo.com/' successfully

2023-11-13 19:47:03 - [TEST_STEP][PASSED] - setText(findTestObject("Object Repository/Page_Swag Labs/input_Swag Labs_user-name"), USUARIO): Text 'prueba' is set on object 'Object Repository/Page_Swag Labs/input_Swag Labs_user-name'

2023-11-13 19:47:05 - [MESSAGE][PASSED] - Text 'prueba' is set on object 'Object Repository/Page_Swag Labs/input_Swag Labs_user-name'

2023-11-13 19:47:05 - [TEST_STEP][PASSED] - setText(findTestObject("Object Repository/Page_Swag Labs/input_Swag Labs_password"), PASSWORD): Text '' is set on object 'Object Repository/Page_Swag Labs/input_Swag Labs_password'

2023-11-13 19:47:07 - [MESSAGE][PASSED] - Text '' is set on object 'Object Repository/Page_Swag Labs/input_Swag Labs_password'

2023-11-13 19:47:07 - [TEST_STEP][PASSED] - click(findTestObject("Object Repository/Page_Swag Labs/input_Swag Labs_login-button")): Object: 'Object Repository/Page_Swag Labs/input_Swag Labs_login-button' is clicked on

2023-11-13 19:47:08 - [MESSAGE][PASSED] - Object: 'Object Repository/Page_Swag Labs/input_Swag Labs_login-button' is clicked on

2023-11-13 19:47:08 - [TEST_STEP][PASSED] - verifyTextPresent(MENSAJE, false, CONTINUE_ON_FAILURE): Text 'Epic sadface: Password is required' is present on page 

2023-11-13 19:47:09 - [MESSAGE][PASSED] - Text 'Epic sadface: Password is required' is present on page 

2023-11-13 19:47:09 - [TEST_STEP][PASSED] - takeScreenshot(SCREENSHOT): Taking screenshot successfully

2023-11-13 19:47:10 - [MESSAGE][PASSED] - Taking screenshot successfully
[[ATTACHMENT|C:\\Users\\Usuario\\Documents\\Facultad\\screen3B.png]]

2023-11-13 19:47:10 - [TEST_STEP][PASSED] - delay(2): Delayed 2 second(s)

2023-11-13 19:47:12 - [MESSAGE][PASSED] - Delayed 2 second(s)

2023-11-13 19:47:12 - [TEST_STEP][PASSED] - closeBrowser(): Browser is closed

2023-11-13 19:47:13 - [MESSAGE][PASSED] - Browser is closed]]></system-out>
         <system-err><![CDATA[]]></system-err>
      </testcase>
      <testcase name="Test Cases/TYCS/SauceDemo/TC-SD-3-LoginInvalido" time="17.638" classname="Test Cases/TYCS/SauceDemo/TC-SD-3-LoginInvalido" status="PASSED">
         <system-out><![CDATA[2023-11-13 19:47:13 - [TEST_CASE][PASSED] - Test Cases/TYCS/SauceDemo/TC-SD-3-LoginInvalido: Test Cases/TYCS/SauceDemo/TC-SD-3-LoginInvalido

2023-11-13 19:47:14 - [TEST_STEP][PASSED] - openBrowser(""): Browser is opened with url: ''

2023-11-13 19:47:14 - [MESSAGE][INFO] - Starting 'Chrome' driver

2023-11-13 19:47:14 - [MESSAGE][INFO] - Action delay is set to 0 milliseconds

2023-11-13 19:47:19 - [MESSAGE][PASSED] - Browser is opened with url: ''

2023-11-13 19:47:19 - [TEST_STEP][PASSED] - navigateToUrl(url): Navigate to 'https://www.saucedemo.com/' successfully

2023-11-13 19:47:21 - [MESSAGE][PASSED] - Navigate to 'https://www.saucedemo.com/' successfully

2023-11-13 19:47:21 - [TEST_STEP][PASSED] - setText(findTestObject("Object Repository/Page_Swag Labs/input_Swag Labs_user-name"), USUARIO): Text '' is set on object 'Object Repository/Page_Swag Labs/input_Swag Labs_user-name'

2023-11-13 19:47:24 - [MESSAGE][PASSED] - Text '' is set on object 'Object Repository/Page_Swag Labs/input_Swag Labs_user-name'

2023-11-13 19:47:24 - [TEST_STEP][PASSED] - setText(findTestObject("Object Repository/Page_Swag Labs/input_Swag Labs_password"), PASSWORD): Text 'prueba' is set on object 'Object Repository/Page_Swag Labs/input_Swag Labs_password'

2023-11-13 19:47:26 - [MESSAGE][PASSED] - Text 'prueba' is set on object 'Object Repository/Page_Swag Labs/input_Swag Labs_password'

2023-11-13 19:47:26 - [TEST_STEP][PASSED] - click(findTestObject("Object Repository/Page_Swag Labs/input_Swag Labs_login-button")): Object: 'Object Repository/Page_Swag Labs/input_Swag Labs_login-button' is clicked on

2023-11-13 19:47:27 - [MESSAGE][PASSED] - Object: 'Object Repository/Page_Swag Labs/input_Swag Labs_login-button' is clicked on

2023-11-13 19:47:27 - [TEST_STEP][PASSED] - verifyTextPresent(MENSAJE, false, CONTINUE_ON_FAILURE): Text 'Epic sadface: Username is required' is present on page 

2023-11-13 19:47:27 - [MESSAGE][PASSED] - Text 'Epic sadface: Username is required' is present on page 

2023-11-13 19:47:27 - [TEST_STEP][PASSED] - takeScreenshot(SCREENSHOT): Taking screenshot successfully

2023-11-13 19:47:28 - [MESSAGE][PASSED] - Taking screenshot successfully
[[ATTACHMENT|C:\\Users\\Usuario\\Documents\\Facultad\\screen3C.png]]

2023-11-13 19:47:28 - [TEST_STEP][PASSED] - delay(2): Delayed 2 second(s)

2023-11-13 19:47:30 - [MESSAGE][PASSED] - Delayed 2 second(s)

2023-11-13 19:47:30 - [TEST_STEP][PASSED] - closeBrowser(): Browser is closed

2023-11-13 19:47:31 - [MESSAGE][PASSED] - Browser is closed]]></system-out>
         <system-err><![CDATA[]]></system-err>
      </testcase>
      <testcase name="Test Cases/TYCS/SauceDemo/TC-SD-3-LoginInvalido" time="76.943" classname="Test Cases/TYCS/SauceDemo/TC-SD-3-LoginInvalido" status="PASSED">
         <system-out><![CDATA[2023-11-13 19:47:31 - [TEST_CASE][PASSED] - Test Cases/TYCS/SauceDemo/TC-SD-3-LoginInvalido: Test Cases/TYCS/SauceDemo/TC-SD-3-LoginInvalido

2023-11-13 19:47:31 - [TEST_STEP][PASSED] - openBrowser(""): Browser is opened with url: ''

2023-11-13 19:47:31 - [MESSAGE][INFO] - Starting 'Chrome' driver

2023-11-13 19:47:31 - [MESSAGE][INFO] - Action delay is set to 0 milliseconds

2023-11-13 19:47:37 - [MESSAGE][PASSED] - Browser is opened with url: ''

2023-11-13 19:47:37 - [TEST_STEP][PASSED] - navigateToUrl(url): Navigate to 'https://www.saucedemo.com/' successfully

2023-11-13 19:47:39 - [MESSAGE][PASSED] - Navigate to 'https://www.saucedemo.com/' successfully

2023-11-13 19:47:39 - [TEST_STEP][PASSED] - setText(findTestObject("Object Repository/Page_Swag Labs/input_Swag Labs_user-name"), USUARIO): Text 'standard_user' is set on object 'Object Repository/Page_Swag Labs/input_Swag Labs_user-name'

2023-11-13 19:47:42 - [MESSAGE][PASSED] - Text 'standard_user' is set on object 'Object Repository/Page_Swag Labs/input_Swag Labs_user-name'

2023-11-13 19:47:42 - [TEST_STEP][PASSED] - setText(findTestObject("Object Repository/Page_Swag Labs/input_Swag Labs_password"), PASSWORD): Text 'prueba' is set on object 'Object Repository/Page_Swag Labs/input_Swag Labs_password'

2023-11-13 19:47:43 - [MESSAGE][PASSED] - Text 'prueba' is set on object 'Object Repository/Page_Swag Labs/input_Swag Labs_password'

2023-11-13 19:47:43 - [TEST_STEP][PASSED] - click(findTestObject("Object Repository/Page_Swag Labs/input_Swag Labs_login-button")): Object: 'Object Repository/Page_Swag Labs/input_Swag Labs_login-button' is clicked on

2023-11-13 19:47:44 - [MESSAGE][PASSED] - Object: 'Object Repository/Page_Swag Labs/input_Swag Labs_login-button' is clicked on

2023-11-13 19:47:44 - [TEST_STEP][PASSED] - verifyTextPresent(MENSAJE, false, CONTINUE_ON_FAILURE): Text 'Epic sadface: Username and password do not match any user in this service' is present on page 

2023-11-13 19:48:15 - [MESSAGE][PASSED] - Text 'Epic sadface: Username and password do not match any user in this service' is present on page 

2023-11-13 19:48:15 - [TEST_STEP][PASSED] - takeScreenshot(SCREENSHOT): Taking screenshot successfully

2023-11-13 19:48:45 - [MESSAGE][PASSED] - Taking screenshot successfully
[[ATTACHMENT|C:\\Users\\Usuario\\Documents\\Facultad\\screen3D.png]]

2023-11-13 19:48:45 - [TEST_STEP][PASSED] - delay(2): Delayed 2 second(s)

2023-11-13 19:48:47 - [MESSAGE][PASSED] - Delayed 2 second(s)

2023-11-13 19:48:47 - [TEST_STEP][PASSED] - closeBrowser(): Browser is closed

2023-11-13 19:48:48 - [MESSAGE][PASSED] - Browser is closed]]></system-out>
         <system-err><![CDATA[]]></system-err>
      </testcase>
      <testcase name="Test Cases/TYCS/SauceDemo/TC-SD-3-LoginInvalido" time="77.28" classname="Test Cases/TYCS/SauceDemo/TC-SD-3-LoginInvalido" status="PASSED">
         <system-out><![CDATA[2023-11-13 19:48:48 - [TEST_CASE][PASSED] - Test Cases/TYCS/SauceDemo/TC-SD-3-LoginInvalido: Test Cases/TYCS/SauceDemo/TC-SD-3-LoginInvalido

2023-11-13 19:48:49 - [TEST_STEP][PASSED] - openBrowser(""): Browser is opened with url: ''

2023-11-13 19:48:49 - [MESSAGE][INFO] - Starting 'Chrome' driver

2023-11-13 19:48:49 - [MESSAGE][INFO] - Action delay is set to 0 milliseconds

2023-11-13 19:48:54 - [MESSAGE][PASSED] - Browser is opened with url: ''

2023-11-13 19:48:54 - [TEST_STEP][PASSED] - navigateToUrl(url): Navigate to 'https://www.saucedemo.com/' successfully

2023-11-13 19:48:56 - [MESSAGE][PASSED] - Navigate to 'https://www.saucedemo.com/' successfully

2023-11-13 19:48:56 - [TEST_STEP][PASSED] - setText(findTestObject("Object Repository/Page_Swag Labs/input_Swag Labs_user-name"), USUARIO): Text 'locked_out_user' is set on object 'Object Repository/Page_Swag Labs/input_Swag Labs_user-name'

2023-11-13 19:48:59 - [MESSAGE][PASSED] - Text 'locked_out_user' is set on object 'Object Repository/Page_Swag Labs/input_Swag Labs_user-name'

2023-11-13 19:48:59 - [TEST_STEP][PASSED] - setText(findTestObject("Object Repository/Page_Swag Labs/input_Swag Labs_password"), PASSWORD): Text 'secret_sauce' is set on object 'Object Repository/Page_Swag Labs/input_Swag Labs_password'

2023-11-13 19:49:01 - [MESSAGE][PASSED] - Text 'secret_sauce' is set on object 'Object Repository/Page_Swag Labs/input_Swag Labs_password'

2023-11-13 19:49:01 - [TEST_STEP][PASSED] - click(findTestObject("Object Repository/Page_Swag Labs/input_Swag Labs_login-button")): Object: 'Object Repository/Page_Swag Labs/input_Swag Labs_login-button' is clicked on

2023-11-13 19:49:02 - [MESSAGE][PASSED] - Object: 'Object Repository/Page_Swag Labs/input_Swag Labs_login-button' is clicked on

2023-11-13 19:49:02 - [TEST_STEP][PASSED] - verifyTextPresent(MENSAJE, false, CONTINUE_ON_FAILURE): Text 'Epic sadface: Sorry, this user has been locked out.' is present on page 

2023-11-13 19:49:32 - [MESSAGE][PASSED] - Text 'Epic sadface: Sorry, this user has been locked out.' is present on page 

2023-11-13 19:49:32 - [TEST_STEP][PASSED] - takeScreenshot(SCREENSHOT): Taking screenshot successfully

2023-11-13 19:50:02 - [MESSAGE][PASSED] - Taking screenshot successfully
[[ATTACHMENT|C:\\Users\\Usuario\\Documents\\Facultad\\screen3E.png]]

2023-11-13 19:50:02 - [TEST_STEP][PASSED] - delay(2): Delayed 2 second(s)

2023-11-13 19:50:04 - [MESSAGE][PASSED] - Delayed 2 second(s)

2023-11-13 19:50:04 - [TEST_STEP][PASSED] - closeBrowser(): Browser is closed

2023-11-13 19:50:06 - [MESSAGE][PASSED] - Browser is closed]]></system-out>
         <system-err><![CDATA[]]></system-err>
      </testcase>
      <system-out><![CDATA[2023-11-13 19:45:18 - [TEST_SUITE][PASSED] - TS_TP4: Test Cases/TYCS/SauceDemo/TC-SD-3-LoginInvalido]]></system-out>
      <system-err><![CDATA[]]></system-err>
   </testsuite>
</testsuites>
